src/GuiRipperApp/build/intermediates/manifest_merge_blame_file/debug/manifest-merger-blame-debug-report.txt
1<?xml version="1.0" encoding="utf-8"?>
2<manifest xmlns:android="http://schemas.android.com/apk/res/android"
3    package="com.benandow.android"
4    android:versionCode="1"
5    android:versionName="1.0" >
6
7    <application
7-->src/GuiRipperApp/AndroidManifest.xml:7:5-21:19
8        android:allowBackup="true"
8-->src/GuiRipperApp/AndroidManifest.xml:8:9-35
9        android:debuggable="true"
10        android:icon="@drawable/ic_launcher"
10-->src/GuiRipperApp/AndroidManifest.xml:9:9-45
11        android:label="@string/app_name"
11-->src/GuiRipperApp/AndroidManifest.xml:10:9-41
12        android:theme="@style/AppTheme" >
12-->src/GuiRipperApp/AndroidManifest.xml:11:9-40
13        <activity
13-->src/GuiRipperApp/AndroidManifest.xml:12:9-20:20
14            android:name="com.benandow.android.gui.layoutRendererApp.GuiRipperActivity"
14-->src/GuiRipperApp/AndroidManifest.xml:13:13-88
15            android:label="@string/title_activity_main" >
15-->src/GuiRipperApp/AndroidManifest.xml:14:13-56
16            <intent-filter>
16-->src/GuiRipperApp/AndroidManifest.xml:15:13-19:29
17                <action android:name="android.intent.action.MAIN" />
17-->src/GuiRipperApp/AndroidManifest.xml:16:17-69
17-->src/GuiRipperApp/AndroidManifest.xml:16:25-66
18
19                <category android:name="android.intent.category.LAUNCHER" />
19-->src/GuiRipperApp/AndroidManifest.xml:18:17-77
19-->src/GuiRipperApp/AndroidManifest.xml:18:27-74
20            </intent-filter>
21        </activity>
22    </application>
23
24</manifest>